0 info it worked if it ends with ok
1 verbose cli [ '/usr/local/bin/node', '/usr/local/bin/npm', 'run', 'karma' ]
2 info using npm@3.10.10
3 info using node@v6.10.0
4 verbose run-script [ 'prekarma', 'karma', 'postkarma' ]
5 info lifecycle starter@1.0.0~prekarma: starter@1.0.0
6 silly lifecycle starter@1.0.0~prekarma: no script for prekarma, continuing
7 info lifecycle starter@1.0.0~karma: starter@1.0.0
8 verbose lifecycle starter@1.0.0~karma: unsafe-perm in lifecycle true
9 verbose lifecycle starter@1.0.0~karma: PATH: /usr/local/lib/node_modules/npm/bin/node-gyp-bin:/Users/Haoyuan/Desktop/hw5/node_modules/.bin:/Applications/Anaconda3/anaconda/bin:/Applications/anaconda2/anaconda/bin://anaconda/bin:/usr/local/bin:/usr/bin:/bin:/usr/sbin:/sbin
10 verbose lifecycle starter@1.0.0~karma: CWD: /Users/Haoyuan/Desktop/hw5
11 silly lifecycle starter@1.0.0~karma: Args: [ '-c', 'karma start --single-run' ]
12 info lifecycle starter@1.0.0~karma: Failed to exec karma script
13 verbose stack Error: starter@1.0.0 karma: `karma start --single-run`
13 verbose stack spawn ENOENT
13 verbose stack     at ChildProcess.<anonymous> (/usr/local/lib/node_modules/npm/lib/utils/spawn.js:33:16)
13 verbose stack     at emitTwo (events.js:106:13)
13 verbose stack     at ChildProcess.emit (events.js:191:7)
13 verbose stack     at maybeClose (internal/child_process.js:877:16)
13 verbose stack     at Process.ChildProcess._handle.onexit (internal/child_process.js:226:5)
14 verbose pkgid starter@1.0.0
15 verbose cwd /Users/Haoyuan/Desktop/hw5
16 error Darwin 16.4.0
17 error argv "/usr/local/bin/node" "/usr/local/bin/npm" "run" "karma"
18 error node v6.10.0
19 error npm  v3.10.10
20 error file sh
21 error code ELIFECYCLE
22 error errno ENOENT
23 error syscall spawn
24 error starter@1.0.0 karma: `karma start --single-run`
24 error spawn ENOENT
25 error Failed at the starter@1.0.0 karma script 'karma start --single-run'.
25 error Make sure you have the latest version of node.js and npm installed.
25 error If you do, this is most likely a problem with the starter package,
25 error not with npm itself.
25 error Tell the author that this fails on your system:
25 error     karma start --single-run
25 error You can get information on how to open an issue for this project with:
25 error     npm bugs starter
25 error Or if that isn't available, you can get their info via:
25 error     npm owner ls starter
25 error There is likely additional logging output above.
26 verbose exit [ 1, true ]
